This file contains any messages produced by compilers while
running configure, to aid debugging if configure makes a mistake.

It was created by RISC-V ISA Simulator configure ?, which was
generated by GNU Autoconf 2.71.  Invocation command line was

  $ ../configure --prefix=/Users/siemensixone/Documents/riscv_spike/riscv-isa-sim/build/../../install

## --------- ##
## Platform. ##
## --------- ##

hostname = MacBook-Air-Veselaev.local
uname -m = arm64
uname -r = 23.4.0
uname -s = Darwin
uname -v = Darwin Kernel Version 23.4.0: Wed Feb 21 21:44:06 PST 2024; root:xnu-10063.101.15~2/RELEASE_ARM64_T8103

/usr/bin/uname -p = arm
/bin/uname -X     = unknown

/bin/arch              = unknown
/usr/bin/arch -k       = unknown
/usr/convex/getsysinfo = unknown
/usr/bin/hostinfo      = Mach kernel version:
	 Darwin Kernel Version 23.4.0: Wed Feb 21 21:44:06 PST 2024; root:xnu-10063.101.15~2/RELEASE_ARM64_T8103
Kernel configured for up to 8 processors.
8 processors are physically available.
8 processors are logically available.
Processor type: arm64e (ARM64E)
Processors active: 0 1 2 3 4 5 6 7
Primary memory available: 8.00 gigabytes
Default processor set: 534 tasks, 2101 threads, 8 processors
Load average: 2.20, Mach factor: 5.79
/bin/machine           = unknown
/usr/bin/oslevel       = unknown
/bin/universe          = unknown

PATH: /opt/local/bin/
PATH: /opt/local/sbin/
PATH: /Library/Frameworks/Python.framework/Versions/3.10/bin/
PATH: /opt/homebrew/bin/
PATH: /opt/homebrew/sbin/
PATH: /opt/local/bin/
PATH: /opt/local/sbin/
PATH: /Library/Frameworks/Python.framework/Versions/3.10/bin/
PATH: /opt/homebrew/bin/
PATH: /opt/homebrew/sbin/
PATH: /usr/local/bin/
PATH: /System/Cryptexes/App/usr/bin/
PATH: /usr/bin/
PATH: /bin/
PATH: /usr/sbin/
PATH: /sbin/
PATH: /var/run/com.apple.security.cryptexd/codex.system/bootstrap/usr/local/bin/
PATH: /var/run/com.apple.security.cryptexd/codex.system/bootstrap/usr/bin/
PATH: /var/run/com.apple.security.cryptexd/codex.system/bootstrap/usr/appleinternal/bin/
PATH: /Library/Apple/usr/bin/
PATH: /Library/TeX/texbin/
PATH: /Applications/Wireshark.app/Contents/MacOS/
PATH: /Applications/VMware Fusion.app/Contents/Public/
PATH: /Library/Frameworks/Mono.framework/Versions/Current/Commands/
PATH: /opt/homebrew/Cellar/riscv-gnu-toolchain/main/bin/
PATH: /opt/homebrew/Cellar/riscv-isa-sim/main/bin/
PATH: /opt/homebrew/Cellar/riscv-gnu-toolchain/main/bin/
PATH: /opt/homebrew/Cellar/riscv-isa-sim/main/bin/


## ----------- ##
## Core tests. ##
## ----------- ##

configure:2668: looking for aux files: install-sh config.guess config.sub
configure:2681:  trying ../scripts/
configure:2695:   ../scripts/install.sh found
configure:2710:   ../scripts/config.guess found
configure:2710:   ../scripts/config.sub found
configure:2836: checking build system type
configure:2851: result: aarch64-apple-darwin23.4.0
configure:2871: checking host system type
configure:2885: result: aarch64-apple-darwin23.4.0
configure:3277: checking for gcc
configure:3298: found /usr/bin/gcc
configure:3309: result: gcc
configure:3662: checking for C compiler version
configure:3671: gcc --version >&5
Apple clang version 15.0.0 (clang-1500.0.40.1)
Target: arm64-apple-darwin23.4.0
Thread model: posix
InstalledDir: /Applications/Xcode.app/Contents/Developer/Toolchains/XcodeDefault.xctoolchain/usr/bin
configure:3682: $? = 0
configure:3671: gcc -v >&5
Apple clang version 15.0.0 (clang-1500.0.40.1)
Target: arm64-apple-darwin23.4.0
Thread model: posix
InstalledDir: /Applications/Xcode.app/Contents/Developer/Toolchains/XcodeDefault.xctoolchain/usr/bin
configure:3682: $? = 0
configure:3671: gcc -V >&5
clang: error: argument to '-V' is missing (expected 1 value)
clang: error: no input files
configure:3682: $? = 1
configure:3671: gcc -qversion >&5
clang: error: unknown argument '-qversion'; did you mean '--version'?
clang: error: no input files
configure:3682: $? = 1
configure:3671: gcc -version >&5
clang: error: unknown argument '-version'; did you mean '--version'?
clang: error: no input files
configure:3682: $? = 1
configure:3702: checking whether the C compiler works
configure:3724: gcc    conftest.c  >&5
configure:3728: $? = 0
configure:3778: result: yes
configure:3781: checking for C compiler default output file name
configure:3783: result: a.out
configure:3789: checking for suffix of executables
configure:3796: gcc -o conftest    conftest.c  >&5
configure:3800: $? = 0
configure:3823: result: 
configure:3845: checking whether we are cross compiling
configure:3853: gcc -o conftest    conftest.c  >&5
configure:3857: $? = 0
configure:3864: ./conftest
configure:3868: $? = 0
configure:3883: result: no
configure:3888: checking for suffix of object files
configure:3911: gcc -c   conftest.c >&5
configure:3915: $? = 0
configure:3937: result: o
configure:3941: checking whether the compiler supports GNU C
configure:3961: gcc -c   conftest.c >&5
configure:3961: $? = 0
configure:3971: result: yes
configure:3982: checking whether gcc accepts -g
configure:4003: gcc -c -g  conftest.c >&5
configure:4003: $? = 0
configure:4047: result: yes
configure:4067: checking for gcc option to enable C11 features
configure:4082: gcc  -c -g -O2  conftest.c >&5
conftest.c:23:14: warning: a function definition without a prototype is deprecated in all versions of C and is not supported in C2x [-Wdeprecated-non-prototype]
static char *e (p, i)
             ^
1 warning generated.
configure:4082: $? = 0
configure:4100: result: none needed
configure:4279: checking for g++
configure:4300: found /usr/bin/g++
configure:4311: result: g++
configure:4338: checking for C++ compiler version
configure:4347: g++ --version >&5
Apple clang version 15.0.0 (clang-1500.0.40.1)
Target: arm64-apple-darwin23.4.0
Thread model: posix
InstalledDir: /Applications/Xcode.app/Contents/Developer/Toolchains/XcodeDefault.xctoolchain/usr/bin
configure:4358: $? = 0
configure:4347: g++ -v >&5
Apple clang version 15.0.0 (clang-1500.0.40.1)
Target: arm64-apple-darwin23.4.0
Thread model: posix
InstalledDir: /Applications/Xcode.app/Contents/Developer/Toolchains/XcodeDefault.xctoolchain/usr/bin
configure:4358: $? = 0
configure:4347: g++ -V >&5
clang: error: argument to '-V' is missing (expected 1 value)
clang: error: no input files
configure:4358: $? = 1
configure:4347: g++ -qversion >&5
clang: error: unknown argument '-qversion'; did you mean '--version'?
clang: error: no input files
configure:4358: $? = 1
configure:4362: checking whether the compiler supports GNU C++
configure:4382: g++ -c   conftest.cpp >&5
configure:4382: $? = 0
configure:4392: result: yes
configure:4403: checking whether g++ accepts -g
configure:4424: g++ -c -g  conftest.cpp >&5
configure:4424: $? = 0
configure:4468: result: yes
configure:4488: checking for g++ option to enable C++11 features
configure:4503: g++  -c -g -O2  conftest.cpp >&5
conftest.cpp:55:3: error: "Compiler does not advertise C++11 conformance"
# error "Compiler does not advertise C++11 conformance"
  ^
conftest.cpp:60:3: error: unknown type name 'constexpr'
  constexpr int get_val() { return 20; }
  ^
conftest.cpp:72:17: error: delegating constructors are permitted only in C++11
    delegate(): delegate(2354) {}
                ^~~~~~~~
conftest.cpp:83:26: warning: 'override' keyword is a C++11 extension [-Wc++11-extensions]
    virtual int getval() override final { return this->n * 2; }
                         ^
conftest.cpp:83:35: warning: 'final' keyword is a C++11 extension [-Wc++11-extensions]
    virtual int getval() override final { return this->n * 2; }
                                  ^
conftest.cpp:90:16: warning: defaulted function definitions are a C++11 extension [-Wc++11-extensions]
    nocopy() = default;
               ^
conftest.cpp:91:29: warning: deleted function definitions are a C++11 extension [-Wc++11-extensions]
    nocopy(const nocopy&) = delete;
                            ^
conftest.cpp:92:41: warning: deleted function definitions are a C++11 extension [-Wc++11-extensions]
    nocopy & operator=(const nocopy&) = delete;
                                        ^
conftest.cpp:104:25: warning: 'auto' type specifier is a C++11 extension [-Wc++11-extensions]
  template <typename V> auto sum(V first) -> V
                        ^
conftest.cpp:104:25: error: 'auto' not allowed in function return type
  template <typename V> auto sum(V first) -> V
                        ^~~~
conftest.cpp:104:42: error: expected ';' at end of declaration
  template <typename V> auto sum(V first) -> V
                                         ^
                                         ;
conftest.cpp:104:43: error: cannot use arrow operator on a type
  template <typename V> auto sum(V first) -> V
                                          ^
conftest.cpp:108:33: warning: variadic templates are a C++11 extension [-Wc++11-extensions]
  template <typename V, typename... Args> auto sum(V first, Args... rest) -> V
                                ^
conftest.cpp:108:43: warning: 'auto' type specifier is a C++11 extension [-Wc++11-extensions]
  template <typename V, typename... Args> auto sum(V first, Args... rest) -> V
                                          ^
conftest.cpp:108:43: error: 'auto' not allowed in function return type
  template <typename V, typename... Args> auto sum(V first, Args... rest) -> V
                                          ^~~~
conftest.cpp:108:74: error: expected ';' at end of declaration
  template <typename V, typename... Args> auto sum(V first, Args... rest) -> V
                                                                         ^
                                                                         ;
conftest.cpp:108:75: error: cannot use arrow operator on a type
  template <typename V, typename... Args> auto sum(V first, Args... rest) -> V
                                                                          ^
conftest.cpp:132:3: warning: 'auto' type specifier is a C++11 extension [-Wc++11-extensions]
  auto a1 = 6538;
  ^
conftest.cpp:133:3: warning: 'auto' type specifier is a C++11 extension [-Wc++11-extensions]
  auto a2 = 48573953.4;
  ^
conftest.cpp:134:3: warning: 'auto' type specifier is a C++11 extension [-Wc++11-extensions]
  auto a3 = "String literal";
  ^
conftest.cpp:137:8: warning: 'auto' type specifier is a C++11 extension [-Wc++11-extensions]
  for (auto i = a3; *i; ++i) { total += *i; }
       ^
conftest.cpp:153:8: warning: 'auto' type specifier is a C++11 extension [-Wc++11-extensions]
  for (auto &x : array) { x += 23; }
       ^
conftest.cpp:153:16: warning: range-based for loop is a C++11 extension [-Wc++11-extensions]
  for (auto &x : array) { x += 23; }
               ^
conftest.cpp:158:17: error: expected expression
  assert (eval ([](int x) { return x*2; }, 21) == 42);
                ^
conftest.cpp:160:17: error: expected expression
  assert (eval ([&](double x) { return d += x; }, 3.0) == 5.0);
                ^
conftest.cpp:162:17: error: expected expression
  assert (eval ([=](double x) mutable { return d += x; }, 4.0) == 9.0);
                ^
conftest.cpp:168:3: warning: 'auto' type specifier is a C++11 extension [-Wc++11-extensions]
  auto a = sum(1);
  ^
conftest.cpp:168:12: error: no matching function for call to 'sum'
  auto a = sum(1);
           ^~~
conftest.cpp:169:3: warning: 'auto' type specifier is a C++11 extension [-Wc++11-extensions]
  auto b = sum(1, 2);
  ^
conftest.cpp:169:12: error: no matching function for call to 'sum'
  auto b = sum(1, 2);
           ^~~
conftest.cpp:170:3: warning: 'auto' type specifier is a C++11 extension [-Wc++11-extensions]
  auto c = sum(1.0, 2.0, 3.0);
  ^
conftest.cpp:170:12: error: no matching function for call to 'sum'
  auto c = sum(1.0, 2.0, 3.0);
           ^~~
conftest.cpp:175:25: warning: empty parentheses interpreted as a function declaration [-Wvexing-parse]
  cxx11test::delegate d2();
                        ^~
conftest.cpp:175:25: note: remove parentheses to declare a variable
  cxx11test::delegate d2();
                        ^~
conftest.cpp:188:16: error: found '<::' after a template name which forms the digraph '<:' (aka '[') and a ':', did you mean '< ::'?
  test_template<::test_template<int>> v(test_template<int>(12));
               ^~~
               < ::
conftest.cpp:188:36: error: a space is required between consecutive right angle brackets (use '> >')
  test_template<::test_template<int>> v(test_template<int>(12));
                                   ^~
                                   > >
conftest.cpp:192:22: error: use of undeclared identifier 'u8'
  char const *utf8 = u8"UTF-8 string \u2500";
                     ^
conftest.cpp:192:24: error: expected ';' at end of declaration
  char const *utf8 = u8"UTF-8 string \u2500";
                       ^
                       ;
fatal error: too many errors emitted, stopping now [-ferror-limit=]
18 warnings and 20 errors generated.
configure:4503: $? = 1
configure: failed program was:
| /* confdefs.h */
| #define PACKAGE_NAME "RISC-V ISA Simulator"
| #define PACKAGE_TARNAME "spike"
| #define PACKAGE_VERSION "?"
| #define PACKAGE_STRING "RISC-V ISA Simulator ?"
| #define PACKAGE_BUGREPORT "Andrew Waterman"
| #define PACKAGE_URL ""
| /* end confdefs.h.  */
| 
| // Does the compiler advertise C++98 conformance?
| #if !defined __cplusplus || __cplusplus < 199711L
| # error "Compiler does not advertise C++98 conformance"
| #endif
| 
| // These inclusions are to reject old compilers that
| // lack the unsuffixed header files.
| #include <cstdlib>
| #include <exception>
| 
| // <cassert> and <cstring> are *not* freestanding headers in C++98.
| extern void assert (int);
| namespace std {
|   extern int strcmp (const char *, const char *);
| }
| 
| // Namespaces, exceptions, and templates were all added after "C++ 2.0".
| using std::exception;
| using std::strcmp;
| 
| namespace {
| 
| void test_exception_syntax()
| {
|   try {
|     throw "test";
|   } catch (const char *s) {
|     // Extra parentheses suppress a warning when building autoconf itself,
|     // due to lint rules shared with more typical C programs.
|     assert (!(strcmp) (s, "test"));
|   }
| }
| 
| template <typename T> struct test_template
| {
|   T const val;
|   explicit test_template(T t) : val(t) {}
|   template <typename U> T add(U u) { return static_cast<T>(u) + val; }
| };
| 
| } // anonymous namespace
| 
| 
| // Does the compiler advertise C++ 2011 conformance?
| #if !defined __cplusplus || __cplusplus < 201103L
| # error "Compiler does not advertise C++11 conformance"
| #endif
| 
| namespace cxx11test
| {
|   constexpr int get_val() { return 20; }
| 
|   struct testinit
|   {
|     int i;
|     double d;
|   };
| 
|   class delegate
|   {
|   public:
|     delegate(int n) : n(n) {}
|     delegate(): delegate(2354) {}
| 
|     virtual int getval() { return this->n; };
|   protected:
|     int n;
|   };
| 
|   class overridden : public delegate
|   {
|   public:
|     overridden(int n): delegate(n) {}
|     virtual int getval() override final { return this->n * 2; }
|   };
| 
|   class nocopy
|   {
|   public:
|     nocopy(int i): i(i) {}
|     nocopy() = default;
|     nocopy(const nocopy&) = delete;
|     nocopy & operator=(const nocopy&) = delete;
|   private:
|     int i;
|   };
| 
|   // for testing lambda expressions
|   template <typename Ret, typename Fn> Ret eval(Fn f, Ret v)
|   {
|     return f(v);
|   }
| 
|   // for testing variadic templates and trailing return types
|   template <typename V> auto sum(V first) -> V
|   {
|     return first;
|   }
|   template <typename V, typename... Args> auto sum(V first, Args... rest) -> V
|   {
|     return first + sum(rest...);
|   }
| }
| 
| 
| int
| main (int argc, char **argv)
| {
|   int ok = 0;
|   
|   assert (argc);
|   assert (! argv[0]);
| {
|   test_exception_syntax ();
|   test_template<double> tt (2.0);
|   assert (tt.add (4) == 6.0);
|   assert (true && !false);
| }
| 
|   
| {
|   // Test auto and decltype
|   auto a1 = 6538;
|   auto a2 = 48573953.4;
|   auto a3 = "String literal";
| 
|   int total = 0;
|   for (auto i = a3; *i; ++i) { total += *i; }
| 
|   decltype(a2) a4 = 34895.034;
| }
| {
|   // Test constexpr
|   short sa[cxx11test::get_val()] = { 0 };
| }
| {
|   // Test initializer lists
|   cxx11test::testinit il = { 4323, 435234.23544 };
| }
| {
|   // Test range-based for
|   int array[] = {9, 7, 13, 15, 4, 18, 12, 10, 5, 3,
|                  14, 19, 17, 8, 6, 20, 16, 2, 11, 1};
|   for (auto &x : array) { x += 23; }
| }
| {
|   // Test lambda expressions
|   using cxx11test::eval;
|   assert (eval ([](int x) { return x*2; }, 21) == 42);
|   double d = 2.0;
|   assert (eval ([&](double x) { return d += x; }, 3.0) == 5.0);
|   assert (d == 5.0);
|   assert (eval ([=](double x) mutable { return d += x; }, 4.0) == 9.0);
|   assert (d == 5.0);
| }
| {
|   // Test use of variadic templates
|   using cxx11test::sum;
|   auto a = sum(1);
|   auto b = sum(1, 2);
|   auto c = sum(1.0, 2.0, 3.0);
| }
| {
|   // Test constructor delegation
|   cxx11test::delegate d1;
|   cxx11test::delegate d2();
|   cxx11test::delegate d3(45);
| }
| {
|   // Test override and final
|   cxx11test::overridden o1(55464);
| }
| {
|   // Test nullptr
|   char *c = nullptr;
| }
| {
|   // Test template brackets
|   test_template<::test_template<int>> v(test_template<int>(12));
| }
| {
|   // Unicode literals
|   char const *utf8 = u8"UTF-8 string \u2500";
|   char16_t const *utf16 = u"UTF-8 string \u2500";
|   char32_t const *utf32 = U"UTF-32 string \u2500";
| }
| 
|   return ok;
| }
| 
configure:4521: result: none needed
configure:4633: checking for ar
configure:4654: found /usr/bin/ar
configure:4665: result: ar
configure:4735: checking for ranlib
configure:4756: found /usr/bin/ranlib
configure:4767: result: ranlib
configure:4791: checking for dtc
configure:4814: found /opt/homebrew/bin/dtc
configure:4827: result: /opt/homebrew/bin/dtc
configure:4848: checking for stdio.h
configure:4848: g++ -c -g -O2  conftest.cpp >&5
configure:4848: $? = 0
configure:4848: result: yes
configure:4848: checking for stdlib.h
configure:4848: g++ -c -g -O2  conftest.cpp >&5
configure:4848: $? = 0
configure:4848: result: yes
configure:4848: checking for string.h
configure:4848: g++ -c -g -O2  conftest.cpp >&5
configure:4848: $? = 0
configure:4848: result: yes
configure:4848: checking for inttypes.h
configure:4848: g++ -c -g -O2  conftest.cpp >&5
configure:4848: $? = 0
configure:4848: result: yes
configure:4848: checking for stdint.h
configure:4848: g++ -c -g -O2  conftest.cpp >&5
configure:4848: $? = 0
configure:4848: result: yes
configure:4848: checking for strings.h
configure:4848: g++ -c -g -O2  conftest.cpp >&5
configure:4848: $? = 0
configure:4848: result: yes
configure:4848: checking for sys/stat.h
configure:4848: g++ -c -g -O2  conftest.cpp >&5
configure:4848: $? = 0
configure:4848: result: yes
configure:4848: checking for sys/types.h
configure:4848: g++ -c -g -O2  conftest.cpp >&5
configure:4848: $? = 0
configure:4848: result: yes
configure:4848: checking for unistd.h
configure:4848: g++ -c -g -O2  conftest.cpp >&5
configure:4848: $? = 0
configure:4848: result: yes
configure:4873: checking whether byte ordering is bigendian
configure:4889: g++ -c -g -O2  conftest.cpp >&5
configure:4889: $? = 0
configure:4935: g++ -c -g -O2  conftest.cpp >&5
configure:4935: $? = 0
configure:4954: g++ -c -g -O2  conftest.cpp >&5
conftest.cpp:27:11: error: expected ';' after expression
                 not big endian
                        ^
                        ;
conftest.cpp:27:8: error: use of undeclared identifier 'big'
                 not big endian
                     ^
conftest.cpp:27:12: error: use of undeclared identifier 'endian'
                 not big endian
                         ^
3 errors generated.
configure:4954: $? = 1
configure: failed program was:
| /* confdefs.h */
| #define PACKAGE_NAME "RISC-V ISA Simulator"
| #define PACKAGE_TARNAME "spike"
| #define PACKAGE_VERSION "?"
| #define PACKAGE_STRING "RISC-V ISA Simulator ?"
| #define PACKAGE_BUGREPORT "Andrew Waterman"
| #define PACKAGE_URL ""
| #define DTC "dtc"
| #define HAVE_STDIO_H 1
| #define HAVE_STDLIB_H 1
| #define HAVE_STRING_H 1
| #define HAVE_INTTYPES_H 1
| #define HAVE_STDINT_H 1
| #define HAVE_STRINGS_H 1
| #define HAVE_SYS_STAT_H 1
| #define HAVE_SYS_TYPES_H 1
| #define HAVE_UNISTD_H 1
| #define STDC_HEADERS 1
| /* end confdefs.h.  */
| #include <sys/types.h>
| 		#include <sys/param.h>
| 
| int
| main (void)
| {
| #if BYTE_ORDER != BIG_ENDIAN
| 		 not big endian
| 		#endif
| 
|   ;
|   return 0;
| }
configure:5088: result: no
configure:5129: checking for a BSD-compatible install
configure:5202: result: /usr/bin/install -c
configure:5242: checking for grep that handles long lines and -e
configure:5306: result: /usr/bin/grep
configure:5314: checking for egrep
configure:5382: result: /usr/bin/grep -E
configure:5393: checking for __int128_t
configure:5393: g++ -c -g -O2  conftest.cpp >&5
configure:5393: $? = 0
configure:5393: g++ -c -g -O2  conftest.cpp >&5
conftest.cpp:51:25: error: expected expression
if (sizeof ((__int128_t)))
                        ^
1 error generated.
configure:5393: $? = 1
configure: failed program was:
| /* confdefs.h */
| #define PACKAGE_NAME "RISC-V ISA Simulator"
| #define PACKAGE_TARNAME "spike"
| #define PACKAGE_VERSION "?"
| #define PACKAGE_STRING "RISC-V ISA Simulator ?"
| #define PACKAGE_BUGREPORT "Andrew Waterman"
| #define PACKAGE_URL ""
| #define DTC "dtc"
| #define HAVE_STDIO_H 1
| #define HAVE_STDLIB_H 1
| #define HAVE_STRING_H 1
| #define HAVE_INTTYPES_H 1
| #define HAVE_STDINT_H 1
| #define HAVE_STRINGS_H 1
| #define HAVE_SYS_STAT_H 1
| #define HAVE_SYS_TYPES_H 1
| #define HAVE_UNISTD_H 1
| #define STDC_HEADERS 1
| /* end confdefs.h.  */
| #include <stddef.h>
| #ifdef HAVE_STDIO_H
| # include <stdio.h>
| #endif
| #ifdef HAVE_STDLIB_H
| # include <stdlib.h>
| #endif
| #ifdef HAVE_STRING_H
| # include <string.h>
| #endif
| #ifdef HAVE_INTTYPES_H
| # include <inttypes.h>
| #endif
| #ifdef HAVE_STDINT_H
| # include <stdint.h>
| #endif
| #ifdef HAVE_STRINGS_H
| # include <strings.h>
| #endif
| #ifdef HAVE_SYS_TYPES_H
| # include <sys/types.h>
| #endif
| #ifdef HAVE_SYS_STAT_H
| # include <sys/stat.h>
| #endif
| #ifdef HAVE_UNISTD_H
| # include <unistd.h>
| #endif
| int
| main (void)
| {
| if (sizeof ((__int128_t)))
| 	    return 0;
|   ;
|   return 0;
| }
configure:5393: result: yes
configure:5414: checking whether the linker accepts -Wl,--export-dynamic
configure:5434: g++ -o conftest -g -O2    -Wl,--export-dynamic conftest.cpp  >&5
ld: unknown options: --export-dynamic 
clang: error: linker command failed with exit code 1 (use -v to see invocation)
configure:5434: $? = 1
configure: failed program was:
| /* confdefs.h */
| #define PACKAGE_NAME "RISC-V ISA Simulator"
| #define PACKAGE_TARNAME "spike"
| #define PACKAGE_VERSION "?"
| #define PACKAGE_STRING "RISC-V ISA Simulator ?"
| #define PACKAGE_BUGREPORT "Andrew Waterman"
| #define PACKAGE_URL ""
| #define DTC "dtc"
| #define HAVE_STDIO_H 1
| #define HAVE_STDLIB_H 1
| #define HAVE_STRING_H 1
| #define HAVE_INTTYPES_H 1
| #define HAVE_STDINT_H 1
| #define HAVE_STRINGS_H 1
| #define HAVE_SYS_STAT_H 1
| #define HAVE_SYS_TYPES_H 1
| #define HAVE_UNISTD_H 1
| #define STDC_HEADERS 1
| #define HAVE_INT128 1
| /* end confdefs.h.  */
| 
| int
| main (void)
| {
| 
|   ;
|   return 0;
| }
configure:5445: result: no
configure:5489: checking whether C++ compiler accepts -relocatable-pch
configure:5509: g++ -c -g -O2  -relocatable-pch  conftest.cpp >&5
configure:5509: $? = 0
configure:5518: result: yes
configure:5582: configuring default subproject : fesvr
configure:5591: checking for pthread_create in -lpthread
configure:5613: g++ -o conftest -g -O2   conftest.cpp -lpthread   >&5
configure:5613: $? = 0
configure:5623: result: yes
configure:5636: checking for struct statx.stx_ino
configure:5636: g++ -c -g -O2  conftest.cpp >&5
conftest.cpp:54:21: error: variable has incomplete type 'struct statx'
static struct statx ac_aggr;
                    ^
conftest.cpp:54:15: note: forward declaration of 'statx'
static struct statx ac_aggr;
              ^
1 error generated.
configure:5636: $? = 1
configure: failed program was:
| /* confdefs.h */
| #define PACKAGE_NAME "RISC-V ISA Simulator"
| #define PACKAGE_TARNAME "spike"
| #define PACKAGE_VERSION "?"
| #define PACKAGE_STRING "RISC-V ISA Simulator ?"
| #define PACKAGE_BUGREPORT "Andrew Waterman"
| #define PACKAGE_URL ""
| #define DTC "dtc"
| #define HAVE_STDIO_H 1
| #define HAVE_STDLIB_H 1
| #define HAVE_STRING_H 1
| #define HAVE_INTTYPES_H 1
| #define HAVE_STDINT_H 1
| #define HAVE_STRINGS_H 1
| #define HAVE_SYS_STAT_H 1
| #define HAVE_SYS_TYPES_H 1
| #define HAVE_UNISTD_H 1
| #define STDC_HEADERS 1
| #define HAVE_INT128 1
| #define FESVR_ENABLED /**/
| #define HAVE_LIBPTHREAD 1
| /* end confdefs.h.  */
| #include <stddef.h>
| #ifdef HAVE_STDIO_H
| # include <stdio.h>
| #endif
| #ifdef HAVE_STDLIB_H
| # include <stdlib.h>
| #endif
| #ifdef HAVE_STRING_H
| # include <string.h>
| #endif
| #ifdef HAVE_INTTYPES_H
| # include <inttypes.h>
| #endif
| #ifdef HAVE_STDINT_H
| # include <stdint.h>
| #endif
| #ifdef HAVE_STRINGS_H
| # include <strings.h>
| #endif
| #ifdef HAVE_SYS_TYPES_H
| # include <sys/types.h>
| #endif
| #ifdef HAVE_SYS_STAT_H
| # include <sys/stat.h>
| #endif
| #ifdef HAVE_UNISTD_H
| # include <unistd.h>
| #endif
| int
| main (void)
| {
| static struct statx ac_aggr;
| if (ac_aggr.stx_ino)
| return 0;
|   ;
|   return 0;
| }
configure:5636: g++ -c -g -O2  conftest.cpp >&5
conftest.cpp:54:21: error: variable has incomplete type 'struct statx'
static struct statx ac_aggr;
                    ^
conftest.cpp:54:15: note: forward declaration of 'statx'
static struct statx ac_aggr;
              ^
1 error generated.
configure:5636: $? = 1
configure: failed program was:
| /* confdefs.h */
| #define PACKAGE_NAME "RISC-V ISA Simulator"
| #define PACKAGE_TARNAME "spike"
| #define PACKAGE_VERSION "?"
| #define PACKAGE_STRING "RISC-V ISA Simulator ?"
| #define PACKAGE_BUGREPORT "Andrew Waterman"
| #define PACKAGE_URL ""
| #define DTC "dtc"
| #define HAVE_STDIO_H 1
| #define HAVE_STDLIB_H 1
| #define HAVE_STRING_H 1
| #define HAVE_INTTYPES_H 1
| #define HAVE_STDINT_H 1
| #define HAVE_STRINGS_H 1
| #define HAVE_SYS_STAT_H 1
| #define HAVE_SYS_TYPES_H 1
| #define HAVE_UNISTD_H 1
| #define STDC_HEADERS 1
| #define HAVE_INT128 1
| #define FESVR_ENABLED /**/
| #define HAVE_LIBPTHREAD 1
| /* end confdefs.h.  */
| #include <stddef.h>
| #ifdef HAVE_STDIO_H
| # include <stdio.h>
| #endif
| #ifdef HAVE_STDLIB_H
| # include <stdlib.h>
| #endif
| #ifdef HAVE_STRING_H
| # include <string.h>
| #endif
| #ifdef HAVE_INTTYPES_H
| # include <inttypes.h>
| #endif
| #ifdef HAVE_STDINT_H
| # include <stdint.h>
| #endif
| #ifdef HAVE_STRINGS_H
| # include <strings.h>
| #endif
| #ifdef HAVE_SYS_TYPES_H
| # include <sys/types.h>
| #endif
| #ifdef HAVE_SYS_STAT_H
| # include <sys/stat.h>
| #endif
| #ifdef HAVE_UNISTD_H
| # include <unistd.h>
| #endif
| int
| main (void)
| {
| static struct statx ac_aggr;
| if (sizeof ac_aggr.stx_ino)
| return 0;
|   ;
|   return 0;
| }
configure:5636: result: no
configure:5645: checking for struct statx.stx_mnt_id
configure:5645: g++ -c -g -O2  conftest.cpp >&5
conftest.cpp:54:21: error: variable has incomplete type 'struct statx'
static struct statx ac_aggr;
                    ^
conftest.cpp:54:15: note: forward declaration of 'statx'
static struct statx ac_aggr;
              ^
1 error generated.
configure:5645: $? = 1
configure: failed program was:
| /* confdefs.h */
| #define PACKAGE_NAME "RISC-V ISA Simulator"
| #define PACKAGE_TARNAME "spike"
| #define PACKAGE_VERSION "?"
| #define PACKAGE_STRING "RISC-V ISA Simulator ?"
| #define PACKAGE_BUGREPORT "Andrew Waterman"
| #define PACKAGE_URL ""
| #define DTC "dtc"
| #define HAVE_STDIO_H 1
| #define HAVE_STDLIB_H 1
| #define HAVE_STRING_H 1
| #define HAVE_INTTYPES_H 1
| #define HAVE_STDINT_H 1
| #define HAVE_STRINGS_H 1
| #define HAVE_SYS_STAT_H 1
| #define HAVE_SYS_TYPES_H 1
| #define HAVE_UNISTD_H 1
| #define STDC_HEADERS 1
| #define HAVE_INT128 1
| #define FESVR_ENABLED /**/
| #define HAVE_LIBPTHREAD 1
| /* end confdefs.h.  */
| #include <stddef.h>
| #ifdef HAVE_STDIO_H
| # include <stdio.h>
| #endif
| #ifdef HAVE_STDLIB_H
| # include <stdlib.h>
| #endif
| #ifdef HAVE_STRING_H
| # include <string.h>
| #endif
| #ifdef HAVE_INTTYPES_H
| # include <inttypes.h>
| #endif
| #ifdef HAVE_STDINT_H
| # include <stdint.h>
| #endif
| #ifdef HAVE_STRINGS_H
| # include <strings.h>
| #endif
| #ifdef HAVE_SYS_TYPES_H
| # include <sys/types.h>
| #endif
| #ifdef HAVE_SYS_STAT_H
| # include <sys/stat.h>
| #endif
| #ifdef HAVE_UNISTD_H
| # include <unistd.h>
| #endif
| int
| main (void)
| {
| static struct statx ac_aggr;
| if (ac_aggr.stx_mnt_id)
| return 0;
|   ;
|   return 0;
| }
configure:5645: g++ -c -g -O2  conftest.cpp >&5
conftest.cpp:54:21: error: variable has incomplete type 'struct statx'
static struct statx ac_aggr;
                    ^
conftest.cpp:54:15: note: forward declaration of 'statx'
static struct statx ac_aggr;
              ^
1 error generated.
configure:5645: $? = 1
configure: failed program was:
| /* confdefs.h */
| #define PACKAGE_NAME "RISC-V ISA Simulator"
| #define PACKAGE_TARNAME "spike"
| #define PACKAGE_VERSION "?"
| #define PACKAGE_STRING "RISC-V ISA Simulator ?"
| #define PACKAGE_BUGREPORT "Andrew Waterman"
| #define PACKAGE_URL ""
| #define DTC "dtc"
| #define HAVE_STDIO_H 1
| #define HAVE_STDLIB_H 1
| #define HAVE_STRING_H 1
| #define HAVE_INTTYPES_H 1
| #define HAVE_STDINT_H 1
| #define HAVE_STRINGS_H 1
| #define HAVE_SYS_STAT_H 1
| #define HAVE_SYS_TYPES_H 1
| #define HAVE_UNISTD_H 1
| #define STDC_HEADERS 1
| #define HAVE_INT128 1
| #define FESVR_ENABLED /**/
| #define HAVE_LIBPTHREAD 1
| /* end confdefs.h.  */
| #include <stddef.h>
| #ifdef HAVE_STDIO_H
| # include <stdio.h>
| #endif
| #ifdef HAVE_STDLIB_H
| # include <stdlib.h>
| #endif
| #ifdef HAVE_STRING_H
| # include <string.h>
| #endif
| #ifdef HAVE_INTTYPES_H
| # include <inttypes.h>
| #endif
| #ifdef HAVE_STDINT_H
| # include <stdint.h>
| #endif
| #ifdef HAVE_STRINGS_H
| # include <strings.h>
| #endif
| #ifdef HAVE_SYS_TYPES_H
| # include <sys/types.h>
| #endif
| #ifdef HAVE_SYS_STAT_H
| # include <sys/stat.h>
| #endif
| #ifdef HAVE_UNISTD_H
| # include <unistd.h>
| #endif
| int
| main (void)
| {
| static struct statx ac_aggr;
| if (sizeof ac_aggr.stx_mnt_id)
| return 0;
|   ;
|   return 0;
| }
configure:5645: result: no
configure:5689: configuring default subproject : riscv
configure:5858: checking for boostlib >= 1.53 (105300)
configure:5890: g++ -c -g -O2   conftest.cpp >&5
conftest.cpp:25:10: fatal error: 'boost/version.hpp' file not found
#include <boost/version.hpp>
         ^~~~~~~~~~~~~~~~~~~
1 error generated.
configure:5890: $? = 1
configure: failed program was:
| /* confdefs.h */
| #define PACKAGE_NAME "RISC-V ISA Simulator"
| #define PACKAGE_TARNAME "spike"
| #define PACKAGE_VERSION "?"
| #define PACKAGE_STRING "RISC-V ISA Simulator ?"
| #define PACKAGE_BUGREPORT "Andrew Waterman"
| #define PACKAGE_URL ""
| #define DTC "dtc"
| #define HAVE_STDIO_H 1
| #define HAVE_STDLIB_H 1
| #define HAVE_STRING_H 1
| #define HAVE_INTTYPES_H 1
| #define HAVE_STDINT_H 1
| #define HAVE_STRINGS_H 1
| #define HAVE_SYS_STAT_H 1
| #define HAVE_SYS_TYPES_H 1
| #define HAVE_UNISTD_H 1
| #define STDC_HEADERS 1
| #define HAVE_INT128 1
| #define FESVR_ENABLED /**/
| #define HAVE_LIBPTHREAD 1
| #define RISCV_ENABLED /**/
| /* end confdefs.h.  */
| 
| #include <boost/version.hpp>
| 
| int
| main (void)
| {
| 
| (void) ((void)sizeof(char[1 - 2*!!((BOOST_VERSION) < (105300))]));
| 
|   ;
|   return 0;
| }
configure:6010: g++ -c -g -O2  -I/include/boost-0 conftest.cpp >&5
conftest.cpp:25:10: fatal error: 'boost/version.hpp' file not found
#include <boost/version.hpp>
         ^~~~~~~~~~~~~~~~~~~
1 error generated.
configure:6010: $? = 1
configure: failed program was:
| /* confdefs.h */
| #define PACKAGE_NAME "RISC-V ISA Simulator"
| #define PACKAGE_TARNAME "spike"
| #define PACKAGE_VERSION "?"
| #define PACKAGE_STRING "RISC-V ISA Simulator ?"
| #define PACKAGE_BUGREPORT "Andrew Waterman"
| #define PACKAGE_URL ""
| #define DTC "dtc"
| #define HAVE_STDIO_H 1
| #define HAVE_STDLIB_H 1
| #define HAVE_STRING_H 1
| #define HAVE_INTTYPES_H 1
| #define HAVE_STDINT_H 1
| #define HAVE_STRINGS_H 1
| #define HAVE_SYS_STAT_H 1
| #define HAVE_SYS_TYPES_H 1
| #define HAVE_UNISTD_H 1
| #define STDC_HEADERS 1
| #define HAVE_INT128 1
| #define FESVR_ENABLED /**/
| #define HAVE_LIBPTHREAD 1
| #define RISCV_ENABLED /**/
| /* end confdefs.h.  */
| 
| #include <boost/version.hpp>
| 
| int
| main (void)
| {
| 
| (void) ((void)sizeof(char[1 - 2*!!((BOOST_VERSION) < (105300))]));
| 
|   ;
|   return 0;
| }
configure:6030: We could not detect the boost libraries (version 1.53 or higher). If you have a staged boost library (still not installed) please specify $BOOST_ROOT in your environment and do not give a PATH to --with-boost option.  If you are sure you have boost installed, then check your version number looking in <boost/version.hpp>. See http://randspringer.de/boost for more documentation.
configure:6086: checking whether the Boost::ASIO library is available
configure:6118: g++ -c -g -O2  -I/include/boost-0 conftest.cpp >&5
conftest.cpp:24:11: fatal error: 'boost/asio.hpp' file not found
 #include <boost/asio.hpp>
          ^~~~~~~~~~~~~~~~
1 error generated.
configure:6118: $? = 1
configure: failed program was:
| /* confdefs.h */
| #define PACKAGE_NAME "RISC-V ISA Simulator"
| #define PACKAGE_TARNAME "spike"
| #define PACKAGE_VERSION "?"
| #define PACKAGE_STRING "RISC-V ISA Simulator ?"
| #define PACKAGE_BUGREPORT "Andrew Waterman"
| #define PACKAGE_URL ""
| #define DTC "dtc"
| #define HAVE_STDIO_H 1
| #define HAVE_STDLIB_H 1
| #define HAVE_STRING_H 1
| #define HAVE_INTTYPES_H 1
| #define HAVE_STDINT_H 1
| #define HAVE_STRINGS_H 1
| #define HAVE_SYS_STAT_H 1
| #define HAVE_SYS_TYPES_H 1
| #define HAVE_UNISTD_H 1
| #define STDC_HEADERS 1
| #define HAVE_INT128 1
| #define FESVR_ENABLED /**/
| #define HAVE_LIBPTHREAD 1
| #define RISCV_ENABLED /**/
| /* end confdefs.h.  */
|  #include <boost/asio.hpp>
| 
| int
| main (void)
| {
| 
| 
|                                     boost::asio::io_service io;
|                                     boost::system::error_code timer_result;
|                                     boost::asio::deadline_timer t(io);
|                                     t.cancel();
|                                     io.run_one();
| 									return 0;
| 
|   ;
|   return 0;
| }
configure:6133: result: no
configure:6279: checking whether the Boost::Regex library is available
configure:6303: g++ -c -g -O2  -I/include/boost-0 conftest.cpp >&5
conftest.cpp:24:10: fatal error: 'boost/regex.hpp' file not found
#include <boost/regex.hpp>
         ^~~~~~~~~~~~~~~~~
1 error generated.
configure:6303: $? = 1
configure: failed program was:
| /* confdefs.h */
| #define PACKAGE_NAME "RISC-V ISA Simulator"
| #define PACKAGE_TARNAME "spike"
| #define PACKAGE_VERSION "?"
| #define PACKAGE_STRING "RISC-V ISA Simulator ?"
| #define PACKAGE_BUGREPORT "Andrew Waterman"
| #define PACKAGE_URL ""
| #define DTC "dtc"
| #define HAVE_STDIO_H 1
| #define HAVE_STDLIB_H 1
| #define HAVE_STRING_H 1
| #define HAVE_INTTYPES_H 1
| #define HAVE_STDINT_H 1
| #define HAVE_STRINGS_H 1
| #define HAVE_SYS_STAT_H 1
| #define HAVE_SYS_TYPES_H 1
| #define HAVE_UNISTD_H 1
| #define STDC_HEADERS 1
| #define HAVE_INT128 1
| #define FESVR_ENABLED /**/
| #define HAVE_LIBPTHREAD 1
| #define RISCV_ENABLED /**/
| /* end confdefs.h.  */
| #include <boost/regex.hpp>
| 
| int
| main (void)
| {
| boost::regex r(); return 0;
|   ;
|   return 0;
| }
configure:6318: result: no
configure:6481: checking for main in -lboost_system
configure:6503: g++ -o conftest -g -O2   conftest.cpp -lboost_system  -lpthread  >&5
ld: library 'boost_system' not found
clang: error: linker command failed with exit code 1 (use -v to see invocation)
configure:6503: $? = 1
configure: failed program was:
| /* confdefs.h */
| #define PACKAGE_NAME "RISC-V ISA Simulator"
| #define PACKAGE_TARNAME "spike"
| #define PACKAGE_VERSION "?"
| #define PACKAGE_STRING "RISC-V ISA Simulator ?"
| #define PACKAGE_BUGREPORT "Andrew Waterman"
| #define PACKAGE_URL ""
| #define DTC "dtc"
| #define HAVE_STDIO_H 1
| #define HAVE_STDLIB_H 1
| #define HAVE_STRING_H 1
| #define HAVE_INTTYPES_H 1
| #define HAVE_STDINT_H 1
| #define HAVE_STRINGS_H 1
| #define HAVE_SYS_STAT_H 1
| #define HAVE_SYS_TYPES_H 1
| #define HAVE_UNISTD_H 1
| #define STDC_HEADERS 1
| #define HAVE_INT128 1
| #define FESVR_ENABLED /**/
| #define HAVE_LIBPTHREAD 1
| #define RISCV_ENABLED /**/
| /* end confdefs.h.  */
| 
| namespace conftest {
|   extern "C" int main ();
| }
| int
| main (void)
| {
| return conftest::main ();
|   ;
|   return 0;
| }
configure:6513: result: no
configure:6524: checking for main in -lboost_regex
configure:6546: g++ -o conftest -g -O2   conftest.cpp -lboost_regex  -lpthread  >&5
ld: library 'boost_regex' not found
clang: error: linker command failed with exit code 1 (use -v to see invocation)
configure:6546: $? = 1
configure: failed program was:
| /* confdefs.h */
| #define PACKAGE_NAME "RISC-V ISA Simulator"
| #define PACKAGE_TARNAME "spike"
| #define PACKAGE_VERSION "?"
| #define PACKAGE_STRING "RISC-V ISA Simulator ?"
| #define PACKAGE_BUGREPORT "Andrew Waterman"
| #define PACKAGE_URL ""
| #define DTC "dtc"
| #define HAVE_STDIO_H 1
| #define HAVE_STDLIB_H 1
| #define HAVE_STRING_H 1
| #define HAVE_INTTYPES_H 1
| #define HAVE_STDINT_H 1
| #define HAVE_STRINGS_H 1
| #define HAVE_SYS_STAT_H 1
| #define HAVE_SYS_TYPES_H 1
| #define HAVE_UNISTD_H 1
| #define STDC_HEADERS 1
| #define HAVE_INT128 1
| #define FESVR_ENABLED /**/
| #define HAVE_LIBPTHREAD 1
| #define RISCV_ENABLED /**/
| /* end confdefs.h.  */
| 
| namespace conftest {
|   extern "C" int main ();
| }
| int
| main (void)
| {
| return conftest::main ();
|   ;
|   return 0;
| }
configure:6556: result: no
configure:6623: checking for library containing dlopen
configure:6652: g++ -o conftest -g -O2   conftest.cpp -lpthread  >&5
configure:6652: $? = 0
configure:6672: result: none required
configure:6688: checking for pthread_create in -lpthread
configure:6720: result: yes
configure:6783: configuring default subproject : disasm
configure:6828: configuring default subproject : customext
configure:6873: configuring default subproject : fdt
configure:6918: configuring default subproject : softfloat
configure:6963: configuring default subproject : spike_main
configure:7008: configuring default subproject : spike_dasm
configure:7169: creating ./config.status

## ---------------------- ##
## Running config.status. ##
## ---------------------- ##

This file was extended by RISC-V ISA Simulator config.status ?, which was
generated by GNU Autoconf 2.71.  Invocation command line was

  CONFIG_FILES    = 
  CONFIG_HEADERS  = 
  CONFIG_LINKS    = 
  CONFIG_COMMANDS = 
  $ ./config.status 

on MacBook-Air-Veselaev.local

config.status:848: creating fesvr.mk
config.status:848: creating riscv.mk
config.status:848: creating disasm.mk
config.status:848: creating customext.mk
config.status:848: creating fdt.mk
config.status:848: creating softfloat.mk
config.status:848: creating spike_main.mk
config.status:848: creating spike_dasm.mk
config.status:848: creating Makefile
config.status:848: creating riscv-fesvr.pc
config.status:848: creating riscv-disasm.pc
config.status:848: creating riscv-riscv.pc
config.status:848: creating config.h
config.status:1008: config.h is unchanged

## ---------------- ##
## Cache variables. ##
## ---------------- ##

ac_cv_build=aarch64-apple-darwin23.4.0
ac_cv_c_bigendian=no
ac_cv_c_compiler_gnu=yes
ac_cv_cxx_compiler_gnu=yes
ac_cv_env_CCC_set=
ac_cv_env_CCC_value=
ac_cv_env_CC_set=
ac_cv_env_CC_value=
ac_cv_env_CFLAGS_set=
ac_cv_env_CFLAGS_value=
ac_cv_env_CPPFLAGS_set=
ac_cv_env_CPPFLAGS_value=
ac_cv_env_CXXFLAGS_set=
ac_cv_env_CXXFLAGS_value=
ac_cv_env_CXX_set=
ac_cv_env_CXX_value=
ac_cv_env_LDFLAGS_set=
ac_cv_env_LDFLAGS_value=
ac_cv_env_LIBS_set=
ac_cv_env_LIBS_value=
ac_cv_env_STOW_PREFIX_set=
ac_cv_env_STOW_PREFIX_value=
ac_cv_env_STOW_ROOT_set=
ac_cv_env_STOW_ROOT_value=
ac_cv_env_build_alias_set=
ac_cv_env_build_alias_value=
ac_cv_env_host_alias_set=
ac_cv_env_host_alias_value=
ac_cv_env_target_alias_set=
ac_cv_env_target_alias_value=
ac_cv_header_inttypes_h=yes
ac_cv_header_stdint_h=yes
ac_cv_header_stdio_h=yes
ac_cv_header_stdlib_h=yes
ac_cv_header_string_h=yes
ac_cv_header_strings_h=yes
ac_cv_header_sys_stat_h=yes
ac_cv_header_sys_types_h=yes
ac_cv_header_unistd_h=yes
ac_cv_host=aarch64-apple-darwin23.4.0
ac_cv_lib_boost_regex_main=no
ac_cv_lib_boost_system_main=no
ac_cv_lib_pthread_pthread_create=yes
ac_cv_member_struct_statx_stx_ino=no
ac_cv_member_struct_statx_stx_mnt_id=no
ac_cv_objext=o
ac_cv_path_DTC=/opt/homebrew/bin/dtc
ac_cv_path_EGREP='/usr/bin/grep -E'
ac_cv_path_GREP=/usr/bin/grep
ac_cv_path_install='/usr/bin/install -c'
ac_cv_prog_ac_ct_AR=ar
ac_cv_prog_ac_ct_CC=gcc
ac_cv_prog_ac_ct_CXX=g++
ac_cv_prog_ac_ct_RANLIB=ranlib
ac_cv_prog_cc_c11=
ac_cv_prog_cc_g=yes
ac_cv_prog_cc_stdc=
ac_cv_prog_cxx_11=no
ac_cv_prog_cxx_g=yes
ac_cv_prog_cxx_stdcxx=
ac_cv_search_dlopen='none required'
ac_cv_type___int128_t=yes
ax_cv_boost_asio=no
ax_cv_boost_regex=no
ax_cv_check_cxxflags___relocatable_pch=yes
ax_cv_check_ldflags___Wl___export_dynamic=no

## ----------------- ##
## Output variables. ##
## ----------------- ##

AR='ar'
BOOST_ASIO_LIB=''
BOOST_CPPFLAGS='-I/include/boost-0'
BOOST_LDFLAGS='-L/lib64'
BOOST_REGEX_LIB=''
CC='gcc'
CFLAGS='-g -O2'
CPPFLAGS=''
CXX='g++'
CXXFLAGS='-g -O2'
DEFS='-DHAVE_CONFIG_H'
DTC='/opt/homebrew/bin/dtc'
ECHO_C='\c'
ECHO_N=''
ECHO_T=''
EGREP='/usr/bin/grep -E'
EXEEXT=''
GREP='/usr/bin/grep'
HAVE_CLANG_PCH='yes'
HAVE_DLOPEN='yes'
HAVE_INT128='yes'
INSTALL_DATA='${INSTALL} -m 644'
INSTALL_PROGRAM='${INSTALL}'
INSTALL_SCRIPT='${INSTALL}'
LDFLAGS=''
LIBOBJS=''
LIBS='-lpthread -lpthread '
LTLIBOBJS=''
OBJEXT='o'
PACKAGE_BUGREPORT='Andrew Waterman'
PACKAGE_NAME='RISC-V ISA Simulator'
PACKAGE_STRING='RISC-V ISA Simulator ?'
PACKAGE_TARNAME='spike'
PACKAGE_URL=''
PACKAGE_VERSION='?'
PATH_SEPARATOR=':'
RANLIB='ranlib'
SHELL='/bin/sh'
STOW_PREFIX=''
STOW_ROOT=''
ac_ct_CC='gcc'
ac_ct_CXX='g++'
bindir='${exec_prefix}/bin'
build='aarch64-apple-darwin23.4.0'
build_alias=''
build_cpu='aarch64'
build_os='darwin23.4.0'
build_vendor='apple'
datadir='${datarootdir}'
datarootdir='${prefix}/share'
docdir='${datarootdir}/doc/${PACKAGE_TARNAME}'
dvidir='${docdir}'
enable_stow='no'
exec_prefix='${prefix}'
host='aarch64-apple-darwin23.4.0'
host_alias=''
host_cpu='aarch64'
host_os='darwin23.4.0'
host_vendor='apple'
htmldir='${docdir}'
includedir='${prefix}/include'
infodir='${datarootdir}/info'
libdir='${exec_prefix}/lib'
libexecdir='${exec_prefix}/libexec'
localedir='${datarootdir}/locale'
localstatedir='${prefix}/var'
mandir='${datarootdir}/man'
oldincludedir='/usr/include'
pdfdir='${docdir}'
prefix='/Users/siemensixone/Documents/riscv_spike/riscv-isa-sim/build/../../install'
program_transform_name='s,x,x,'
psdir='${docdir}'
runstatedir='${localstatedir}/run'
sbindir='${exec_prefix}/sbin'
sharedstatedir='${prefix}/com'
subprojects=' fesvr riscv disasm customext fdt softfloat spike_main spike_dasm'
subprojects_enabled=' fesvr riscv disasm customext fdt softfloat spike_main spike_dasm'
sysconfdir='${prefix}/etc'
target_alias=''

## ----------- ##
## confdefs.h. ##
## ----------- ##

/* confdefs.h */
#define PACKAGE_NAME "RISC-V ISA Simulator"
#define PACKAGE_TARNAME "spike"
#define PACKAGE_VERSION "?"
#define PACKAGE_STRING "RISC-V ISA Simulator ?"
#define PACKAGE_BUGREPORT "Andrew Waterman"
#define PACKAGE_URL ""
#define DTC "dtc"
#define HAVE_STDIO_H 1
#define HAVE_STDLIB_H 1
#define HAVE_STRING_H 1
#define HAVE_INTTYPES_H 1
#define HAVE_STDINT_H 1
#define HAVE_STRINGS_H 1
#define HAVE_SYS_STAT_H 1
#define HAVE_SYS_TYPES_H 1
#define HAVE_UNISTD_H 1
#define STDC_HEADERS 1
#define HAVE_INT128 1
#define FESVR_ENABLED /**/
#define HAVE_LIBPTHREAD 1
#define RISCV_ENABLED /**/
#define DEFAULT_ISA "RV64IMAFDC_zicntr_zihpm"
#define DEFAULT_PRIV "MSU"
#define DEFAULT_VARCH "vlen:128,elen:64"
#define TARGET_ARCH "riscv64-unknown-elf"
#define HAVE_DLOPEN /**/
#define HAVE_LIBPTHREAD 1
#define DISASM_ENABLED /**/
#define CUSTOMEXT_ENABLED /**/
#define FDT_ENABLED /**/
#define SOFTFLOAT_ENABLED /**/
#define SPIKE_MAIN_ENABLED /**/
#define SPIKE_DASM_ENABLED /**/

configure: exit 0
